<?xml version="1.0" encoding="UTF-8"?>
<!-- Generated by org.testng.reporters.JUnitReportReporter -->
<testsuite name="com.automationpractice.validateAnnotations" tests="4" time="0.021" ignored="0" failures="0" timestamp="24 feb 2017 01:04:19 GMT" skipped="0" hostname="EsteMac.local" errors="0">
  <testcase name="login" time="0.004" classname="com.automationpractice.validateAnnotations"/>
  <testcase name="signUp" time="0.002" classname="com.automationpractice.validateAnnotations"/>
  <testcase name="openBrowser" time="0.013" classname="com.automationpractice.validateAnnotations"/>
  <testcase name="search" time="0.002" classname="com.automationpractice.validateAnnotations"/>
</testsuite> <!-- com.automationpractice.validateAnnotations -->
